\BOOKMARK [0][]{section*.8}{\376\377\000I\000n\000t\000r\000o\000d\000u\000c\000t\000i\000o\000n}{}% 1
\BOOKMARK [1][]{section*.10}{\376\377\000C\000o\000n\000s\000i\000d\000e\000r\000a\000\347\000\365\000e\000s\000\040\000d\000e\000\040\000e\000s\000t\000i\000l\000o}{section*.8}% 2
\BOOKMARK [1][]{section*.11}{\376\377\000F\000e\000r\000r\000a\000m\000e\000n\000t\000a\000s\000\040\000b\000i\000b\000l\000i\000o\000g\000r\000\341\000f\000i\000c\000a\000s}{section*.8}% 3
\BOOKMARK [0][]{chapter.1}{\376\377\000T\000h\000e\000o\000r\000e\000t\000i\000c\000a\000l\000\040\000U\000n\000d\000e\000r\000p\000i\000n\000n\000i\000n\000g\000s}{}% 4
\BOOKMARK [0][]{chapter.2}{\376\377\000U\000s\000a\000n\000d\000o\000\040\000e\000s\000t\000e\000\040\000m\000o\000d\000e\000l\000o}{}% 5
\BOOKMARK [0][]{chapter.3}{\376\377\000I\000n\000s\000t\000a\000l\000a\000\347\000\343\000o\000\040\000d\000o\000\040\000L\000a\000T\000e\000X}{}% 6
\BOOKMARK [1][]{section.3.1}{\376\377\000D\000o\000c\000u\000m\000e\000n\000t\000a\000\347\000\343\000o\000\040\000s\000o\000b\000r\000e\000\040\000L\000a\000T\000e\000X}{chapter.3}% 7
\BOOKMARK [2][]{subsection.3.1.1}{\376\377\000O\000u\000t\000r\000o\000s\000\040\000r\000e\000c\000u\000r\000s\000o\000s\000\040\000\050\000a\000v\000a\000n\000\347\000a\000d\000o\000s\000\051}{section.3.1}% 8
\BOOKMARK [0][]{chapter.4}{\376\377\000D\000o\000\040\000z\000e\000r\000o\000\040\000a\000o\000\040\000m\000\355\000n\000i\000m\000o\000\040\000c\000o\000m\000\040\000L\000a\000T\000e\000X}{}% 9
\BOOKMARK [1][]{section.4.1}{\376\377\000P\000o\000r\000\040\000q\000u\000e\000\040\000L\000a\000T\000e\000X\000?}{chapter.4}% 10
\BOOKMARK [1][]{section.4.2}{\376\377\000V\000i\000s\000\343\000o\000\040\000g\000e\000r\000a\000l}{chapter.4}% 11
\BOOKMARK [1][]{section.4.3}{\376\377\000E\000s\000t\000r\000u\000t\000u\000r\000a\000\040\000d\000e\000\040\000u\000m\000\040\000d\000o\000c\000u\000m\000e\000n\000t\000o\000\040\000L\000a\000T\000e\000X}{chapter.4}% 12
\BOOKMARK [1][]{section.4.4}{\376\377\000E\000x\000e\000c\000u\000t\000a\000n\000d\000o\000\040\000L\000a\000T\000e\000X\000\040\000e\000\040\000c\000o\000m\000a\000n\000d\000o\000s\000\040\000a\000u\000x\000i\000l\000i\000a\000r\000e\000s}{chapter.4}% 13
\BOOKMARK [1][]{section.4.5}{\376\377\000M\000a\000i\000s\000\040\000s\000o\000b\000r\000e\000\040\000e\000s\000t\000r\000u\000t\000u\000r\000a}{chapter.4}% 14
\BOOKMARK [1][]{section.4.6}{\376\377\000F\000i\000g\000u\000r\000a\000s\000\040\000e\000\040\000t\000a\000b\000e\000l\000a\000s\000\040\000\050\000f\000l\000o\000a\000t\000s\000\051}{chapter.4}% 15
\BOOKMARK [1][]{section.4.7}{\376\377\000R\000e\000f\000e\000r\000\352\000n\000c\000i\000a\000s\000\040\000c\000r\000u\000z\000a\000d\000a\000s}{chapter.4}% 16
\BOOKMARK [1][]{section.4.8}{\376\377\000R\000e\000f\000e\000r\000\352\000n\000c\000i\000a\000s\000\040\000b\000i\000b\000l\000i\000o\000g\000r\000\341\000f\000i\000c\000a\000s\000\040\000e\000\040\000b\000i\000b\000l\000i\000o\000g\000r\000a\000f\000i\000a}{chapter.4}% 17
\BOOKMARK [1][]{section.4.9}{\376\377\000F\000\363\000r\000m\000u\000l\000a\000s\000\040\000m\000a\000t\000e\000m\000\341\000t\000i\000c\000a\000s}{chapter.4}% 18
\BOOKMARK [1][]{section.4.10}{\376\377\000F\000o\000r\000m\000a\000t\000a\000\347\000\343\000o\000\040\000m\000a\000n\000u\000a\000l}{chapter.4}% 19
\BOOKMARK [1][]{section.4.11}{\376\377\000V\000e\000r\000s\000\365\000e\000s\000\040\000d\000o\000\040\000L\000a\000T\000e\000X}{chapter.4}% 20
\BOOKMARK [1][]{section.4.12}{\376\377\000L\000i\000m\000i\000t\000a\000\347\000\365\000e\000s\000\040\000d\000o\000\040\000L\000a\000T\000e\000X}{chapter.4}% 21
\BOOKMARK [0][]{chapter.5}{\376\377\000E\000x\000e\000m\000p\000l\000o\000s\000\040\000e\000\040\000d\000i\000c\000a\000s\000\040\000d\000e\000\040\000L\000a\000T\000e\000X}{}% 22
\BOOKMARK [1][]{section.5.1}{\376\377\000B\000i\000b\000l\000i\000o\000g\000r\000a\000f\000i\000a\000\040\000e\000\040\000r\000e\000f\000e\000r\000\352\000n\000c\000i\000a\000s}{chapter.5}% 23
\BOOKMARK [1][]{section.5.2}{\376\377\000I\000d\000e\000n\000t\000i\000f\000i\000c\000a\000n\000d\000o\000\040\000p\000r\000o\000b\000l\000e\000m\000a\000s}{chapter.5}% 24
\BOOKMARK [1][]{section.5.3}{\376\377\000M\000o\000d\000o\000\040\000m\000a\000t\000e\000m\000\341\000t\000i\000c\000o}{chapter.5}% 25
\BOOKMARK [1][]{section.5.4}{\376\377\000Q\000u\000e\000b\000r\000a\000s\000\040\000d\000e\000\040\000p\000\341\000g\000i\000n\000a}{chapter.5}% 26
\BOOKMARK [1][]{section.5.5}{\376\377\000F\000i\000g\000u\000r\000a\000s\000,\000\040\000g\000r\000\341\000f\000i\000c\000o\000s\000\040\000e\000\040\000o\000u\000t\000r\000o\000s\000\040\000f\000l\000o\000a\000t\000s}{chapter.5}% 27
\BOOKMARK [1][]{section.5.6}{\376\377\000T\000a\000b\000e\000l\000a\000s}{chapter.5}% 28
\BOOKMARK [1][]{section.5.7}{\376\377\000C\000a\000r\000a\000c\000t\000e\000r\000e\000s\000\040\000e\000s\000p\000e\000c\000i\000a\000i\000s}{chapter.5}% 29
\BOOKMARK [1][]{section.5.8}{\376\377\000L\000\355\000n\000g\000u\000a\000s\000\040\000e\000\040\000h\000i\000f\000e\000n\000i\000z\000a\000\347\000\343\000o}{chapter.5}% 30
\BOOKMARK [0][]{appendix.A}{\376\377\000C\000\363\000d\000i\000g\000o\000-\000f\000o\000n\000t\000e\000\040\000e\000\040\000p\000s\000e\000u\000d\000o\000c\000\363\000d\000i\000g\000o}{}% 31
\BOOKMARK [0][]{appendix*.19}{\376\377\000R\000e\000f\000e\000r\000e\000n\000c\000e\000s}{}% 32
\BOOKMARK [0][]{section*.20}{\376\377\000I\000n\000d\000e\000x}{}% 33
